[DEBUG] 2023-09-22 21:30:46.993 [main] InternalLoggerFactory - Using Log4J2 as the default logging framework
[DEBUG] 2023-09-22 21:30:47.002 [main] ResourceLeakDetector - -Dio.netty.leakDetection.level: simple
[DEBUG] 2023-09-22 21:30:47.002 [main] ResourceLeakDetector - -Dio.netty.leakDetection.targetRecords: 4
[DEBUG] 2023-09-22 21:30:47.006 [main] ResourceLeakDetectorFactory - Loaded default ResourceLeakDetector: io.netty.util.ResourceLeakDetector@59696551
[DEBUG] 2023-09-22 21:30:47.027 [main] PlatformDependent0 - -Dio.netty.noUnsafe: false
[DEBUG] 2023-09-22 21:30:47.027 [main] PlatformDependent0 - Java version: 17
[DEBUG] 2023-09-22 21:30:47.028 [main] PlatformDependent0 - sun.misc.Unsafe.theUnsafe: available
[DEBUG] 2023-09-22 21:30:47.029 [main] PlatformDependent0 - sun.misc.Unsafe.copyMemory: available
[DEBUG] 2023-09-22 21:30:47.029 [main] PlatformDependent0 - sun.misc.Unsafe.storeFence: available
[DEBUG] 2023-09-22 21:30:47.030 [main] PlatformDependent0 - java.nio.Buffer.address: available
[DEBUG] 2023-09-22 21:30:47.030 [main] PlatformDependent0 - direct buffer constructor: unavailable: Reflective setAccessible(true) disabled
[DEBUG] 2023-09-22 21:30:47.030 [main] PlatformDependent0 - java.nio.Bits.unaligned: available, true
[DEBUG] 2023-09-22 21:30:47.032 [main] PlatformDependent0 - jdk.internal.misc.Unsafe.allocateUninitializedArray(int): unavailable: class io.netty.util.internal.PlatformDependent0$7 cannot access class jdk.internal.misc.Unsafe (in module java.base) because module java.base does not export jdk.internal.misc to unnamed module @3c0ecd4b
[DEBUG] 2023-09-22 21:30:47.033 [main] PlatformDependent0 - java.nio.DirectByteBuffer.<init>(long, {int,long}): unavailable
[DEBUG] 2023-09-22 21:30:47.033 [main] PlatformDependent - sun.misc.Unsafe: available
[DEBUG] 2023-09-22 21:30:47.034 [main] PlatformDependent - maxDirectMemory: 2116026368 bytes (maybe)
[DEBUG] 2023-09-22 21:30:47.034 [main] PlatformDependent - -Dio.netty.tmpdir: C:\Users\MMARAL~1\AppData\Local\Temp (java.io.tmpdir)
[DEBUG] 2023-09-22 21:30:47.034 [main] PlatformDependent - -Dio.netty.bitMode: 64 (sun.arch.data.model)
[DEBUG] 2023-09-22 21:30:47.034 [main] PlatformDependent - Platform: Windows
[DEBUG] 2023-09-22 21:30:47.035 [main] PlatformDependent - -Dio.netty.maxDirectMemory: -1 bytes
[DEBUG] 2023-09-22 21:30:47.035 [main] PlatformDependent - -Dio.netty.uninitializedArrayAllocationThreshold: -1
[DEBUG] 2023-09-22 21:30:47.036 [main] CleanerJava9 - java.nio.ByteBuffer.cleaner(): available
[DEBUG] 2023-09-22 21:30:47.036 [main] PlatformDependent - -Dio.netty.noPreferDirect: false
[DEBUG] 2023-09-22 21:30:47.042 [main] PlatformDependent - org.jctools-core.MpscChunkedArrayQueue: available
[DEBUG] 2023-09-22 21:30:47.064 [main] InternalThreadLocalMap - -Dio.netty.threadLocalMap.stringBuilder.initialSize: 1024
[DEBUG] 2023-09-22 21:30:47.065 [main] InternalThreadLocalMap - -Dio.netty.threadLocalMap.stringBuilder.maxSize: 4096
[DEBUG] 2023-09-22 21:30:47.220 [main] JdkSslContext - Default protocols (JDK): [TLSv1.3, TLSv1.2] 
[DEBUG] 2023-09-22 21:30:47.221 [main] JdkSslContext - Default cipher suites (JDK): [TLS_ECDHE_ECDSA_WITH_AES_256_GCM_SHA384, TLS_ECDHE_ECDSA_WITH_AES_128_GCM_SHA256, TLS_ECDHE_RSA_WITH_AES_128_GCM_SHA256, TLS_ECDHE_RSA_WITH_AES_256_GCM_SHA384, TLS_ECDHE_RSA_WITH_AES_128_CBC_SHA, TLS_ECDHE_RSA_WITH_AES_256_CBC_SHA, TLS_RSA_WITH_AES_128_GCM_SHA256, TLS_RSA_WITH_AES_128_CBC_SHA, TLS_RSA_WITH_AES_256_CBC_SHA, TLS_AES_128_GCM_SHA256, TLS_AES_256_GCM_SHA384]
[DEBUG] 2023-09-22 21:30:47.253 [main] GlobalEventExecutor - -Dio.netty.globalEventExecutor.quietPeriodSeconds: 1
[DEBUG] 2023-09-22 21:30:47.278 [main] MultithreadEventLoopGroup - -Dio.netty.eventLoopThreads: 16
[DEBUG] 2023-09-22 21:30:47.300 [main] NioEventLoop - -Dio.netty.noKeySetOptimization: false
[DEBUG] 2023-09-22 21:30:47.300 [main] NioEventLoop - -Dio.netty.selectorAutoRebuildThreshold: 512
[DEBUG] 2023-09-22 21:30:47.398 [main] PooledByteBufAllocator - -Dio.netty.allocator.numHeapArenas: 16
[DEBUG] 2023-09-22 21:30:47.398 [main] PooledByteBufAllocator - -Dio.netty.allocator.numDirectArenas: 16
[DEBUG] 2023-09-22 21:30:47.398 [main] PooledByteBufAllocator - -Dio.netty.allocator.pageSize: 8192
[DEBUG] 2023-09-22 21:30:47.399 [main] PooledByteBufAllocator - -Dio.netty.allocator.maxOrder: 9
[DEBUG] 2023-09-22 21:30:47.399 [main] PooledByteBufAllocator - -Dio.netty.allocator.chunkSize: 4194304
[DEBUG] 2023-09-22 21:30:47.399 [main] PooledByteBufAllocator - -Dio.netty.allocator.smallCacheSize: 256
[DEBUG] 2023-09-22 21:30:47.399 [main] PooledByteBufAllocator - -Dio.netty.allocator.normalCacheSize: 64
[DEBUG] 2023-09-22 21:30:47.399 [main] PooledByteBufAllocator - -Dio.netty.allocator.maxCachedBufferCapacity: 32768
[DEBUG] 2023-09-22 21:30:47.399 [main] PooledByteBufAllocator - -Dio.netty.allocator.cacheTrimInterval: 8192
[DEBUG] 2023-09-22 21:30:47.399 [main] PooledByteBufAllocator - -Dio.netty.allocator.cacheTrimIntervalMillis: 0
[DEBUG] 2023-09-22 21:30:47.399 [main] PooledByteBufAllocator - -Dio.netty.allocator.useCacheForAllThreads: false
[DEBUG] 2023-09-22 21:30:47.399 [main] PooledByteBufAllocator - -Dio.netty.allocator.maxCachedByteBuffersPerChunk: 1023
[DEBUG] 2023-09-22 21:30:47.409 [main] ByteBufUtil - -Dio.netty.allocator.type: pooled
[DEBUG] 2023-09-22 21:30:47.409 [main] ByteBufUtil - -Dio.netty.threadLocalDirectBufferSize: 0
[DEBUG] 2023-09-22 21:30:47.409 [main] ByteBufUtil - -Dio.netty.maxThreadLocalCharBufferSize: 16384
[DEBUG] 2023-09-22 21:30:48.257 [Forwarding newSession on session null to remote] DefaultChannelId - -Dio.netty.processId: 4732 (auto-detected)
[DEBUG] 2023-09-22 21:30:48.261 [Forwarding newSession on session null to remote] NetUtil - -Djava.net.preferIPv4Stack: false
[DEBUG] 2023-09-22 21:30:48.261 [Forwarding newSession on session null to remote] NetUtil - -Djava.net.preferIPv6Addresses: false
[DEBUG] 2023-09-22 21:30:48.274 [Forwarding newSession on session null to remote] NetUtilInitializations - Loopback interface: lo (Software Loopback Interface 1, 127.0.0.1)
[DEBUG] 2023-09-22 21:30:48.275 [Forwarding newSession on session null to remote] NetUtil - Failed to get SOMAXCONN from sysctl and file \proc\sys\net\core\somaxconn. Default: 200
[DEBUG] 2023-09-22 21:30:48.289 [Forwarding newSession on session null to remote] DefaultChannelId - -Dio.netty.machineId: f8:ac:65:ff:fe:b5:67:b5 (auto-detected)
[DEBUG] 2023-09-22 21:30:48.334 [AsyncHttpClient-1-2] AbstractByteBuf - -Dio.netty.buffer.checkAccessible: true
[DEBUG] 2023-09-22 21:30:48.334 [AsyncHttpClient-1-2] AbstractByteBuf - -Dio.netty.buffer.checkBounds: true
[DEBUG] 2023-09-22 21:30:48.335 [AsyncHttpClient-1-2] ResourceLeakDetectorFactory - Loaded default ResourceLeakDetector: io.netty.util.ResourceLeakDetector@6a84e0f3
[DEBUG] 2023-09-22 21:30:48.362 [AsyncHttpClient-1-2] Recycler - -Dio.netty.recycler.maxCapacityPerThread: 4096
[DEBUG] 2023-09-22 21:30:48.362 [AsyncHttpClient-1-2] Recycler - -Dio.netty.recycler.ratio: 8
[DEBUG] 2023-09-22 21:30:48.362 [AsyncHttpClient-1-2] Recycler - -Dio.netty.recycler.chunkSize: 32
[DEBUG] 2023-09-22 21:30:48.362 [AsyncHttpClient-1-2] Recycler - -Dio.netty.recycler.blocking: false
[DEBUG] 2023-09-22 21:30:48.362 [AsyncHttpClient-1-2] Recycler - -Dio.netty.recycler.batchFastThreadLocalOnly: true
[DEBUG] 2023-09-22 21:30:49.736 [AsyncHttpClient-1-2] Brotli - brotli4j not in the classpath; Brotli support will be unavailable.
[DEBUG] 2023-09-22 21:30:49.919 [main] ThreadLocalRandom - -Dio.netty.initialSeedUniquifier: 0xa5582e4ee717d318
[DEBUG] 2023-09-23 10:14:03.309 [main] InternalLoggerFactory - Using Log4J2 as the default logging framework
[DEBUG] 2023-09-23 10:14:03.322 [main] ResourceLeakDetector - -Dio.netty.leakDetection.level: simple
[DEBUG] 2023-09-23 10:14:03.322 [main] ResourceLeakDetector - -Dio.netty.leakDetection.targetRecords: 4
[DEBUG] 2023-09-23 10:14:03.330 [main] ResourceLeakDetectorFactory - Loaded default ResourceLeakDetector: io.netty.util.ResourceLeakDetector@2264ea32
[DEBUG] 2023-09-23 10:14:03.355 [main] PlatformDependent0 - -Dio.netty.noUnsafe: false
[DEBUG] 2023-09-23 10:14:03.355 [main] PlatformDependent0 - Java version: 17
[DEBUG] 2023-09-23 10:14:03.357 [main] PlatformDependent0 - sun.misc.Unsafe.theUnsafe: available
[DEBUG] 2023-09-23 10:14:03.358 [main] PlatformDependent0 - sun.misc.Unsafe.copyMemory: available
[DEBUG] 2023-09-23 10:14:03.358 [main] PlatformDependent0 - sun.misc.Unsafe.storeFence: available
[DEBUG] 2023-09-23 10:14:03.359 [main] PlatformDependent0 - java.nio.Buffer.address: available
[DEBUG] 2023-09-23 10:14:03.360 [main] PlatformDependent0 - direct buffer constructor: unavailable: Reflective setAccessible(true) disabled
[DEBUG] 2023-09-23 10:14:03.360 [main] PlatformDependent0 - java.nio.Bits.unaligned: available, true
[DEBUG] 2023-09-23 10:14:03.361 [main] PlatformDependent0 - jdk.internal.misc.Unsafe.allocateUninitializedArray(int): unavailable: class io.netty.util.internal.PlatformDependent0$7 cannot access class jdk.internal.misc.Unsafe (in module java.base) because module java.base does not export jdk.internal.misc to unnamed module @3c0ecd4b
[DEBUG] 2023-09-23 10:14:03.363 [main] PlatformDependent0 - java.nio.DirectByteBuffer.<init>(long, {int,long}): unavailable
[DEBUG] 2023-09-23 10:14:03.363 [main] PlatformDependent - sun.misc.Unsafe: available
[DEBUG] 2023-09-23 10:14:03.367 [main] PlatformDependent - maxDirectMemory: 2120220672 bytes (maybe)
[DEBUG] 2023-09-23 10:14:03.367 [main] PlatformDependent - -Dio.netty.tmpdir: C:\Users\sjamadar\AppData\Local\Temp (java.io.tmpdir)
[DEBUG] 2023-09-23 10:14:03.367 [main] PlatformDependent - -Dio.netty.bitMode: 64 (sun.arch.data.model)
[DEBUG] 2023-09-23 10:14:03.368 [main] PlatformDependent - Platform: Windows
[DEBUG] 2023-09-23 10:14:03.368 [main] PlatformDependent - -Dio.netty.maxDirectMemory: -1 bytes
[DEBUG] 2023-09-23 10:14:03.368 [main] PlatformDependent - -Dio.netty.uninitializedArrayAllocationThreshold: -1
[DEBUG] 2023-09-23 10:14:03.370 [main] CleanerJava9 - java.nio.ByteBuffer.cleaner(): available
[DEBUG] 2023-09-23 10:14:03.370 [main] PlatformDependent - -Dio.netty.noPreferDirect: false
[DEBUG] 2023-09-23 10:14:03.378 [main] PlatformDependent - org.jctools-core.MpscChunkedArrayQueue: available
[DEBUG] 2023-09-23 10:14:03.395 [main] InternalThreadLocalMap - -Dio.netty.threadLocalMap.stringBuilder.initialSize: 1024
[DEBUG] 2023-09-23 10:14:03.395 [main] InternalThreadLocalMap - -Dio.netty.threadLocalMap.stringBuilder.maxSize: 4096
[DEBUG] 2023-09-23 10:14:03.582 [main] JdkSslContext - Default protocols (JDK): [TLSv1.3, TLSv1.2] 
[DEBUG] 2023-09-23 10:14:03.582 [main] JdkSslContext - Default cipher suites (JDK): [TLS_ECDHE_ECDSA_WITH_AES_256_GCM_SHA384, TLS_ECDHE_ECDSA_WITH_AES_128_GCM_SHA256, TLS_ECDHE_RSA_WITH_AES_128_GCM_SHA256, TLS_ECDHE_RSA_WITH_AES_256_GCM_SHA384, TLS_ECDHE_RSA_WITH_AES_128_CBC_SHA, TLS_ECDHE_RSA_WITH_AES_256_CBC_SHA, TLS_RSA_WITH_AES_128_GCM_SHA256, TLS_RSA_WITH_AES_128_CBC_SHA, TLS_RSA_WITH_AES_256_CBC_SHA, TLS_AES_128_GCM_SHA256, TLS_AES_256_GCM_SHA384]
[DEBUG] 2023-09-23 10:14:03.604 [main] GlobalEventExecutor - -Dio.netty.globalEventExecutor.quietPeriodSeconds: 1
[DEBUG] 2023-09-23 10:14:03.617 [main] MultithreadEventLoopGroup - -Dio.netty.eventLoopThreads: 16
[DEBUG] 2023-09-23 10:14:03.628 [main] NioEventLoop - -Dio.netty.noKeySetOptimization: false
[DEBUG] 2023-09-23 10:14:03.628 [main] NioEventLoop - -Dio.netty.selectorAutoRebuildThreshold: 512
[DEBUG] 2023-09-23 10:14:03.705 [main] PooledByteBufAllocator - -Dio.netty.allocator.numHeapArenas: 16
[DEBUG] 2023-09-23 10:14:03.705 [main] PooledByteBufAllocator - -Dio.netty.allocator.numDirectArenas: 16
[DEBUG] 2023-09-23 10:14:03.705 [main] PooledByteBufAllocator - -Dio.netty.allocator.pageSize: 8192
[DEBUG] 2023-09-23 10:14:03.705 [main] PooledByteBufAllocator - -Dio.netty.allocator.maxOrder: 9
[DEBUG] 2023-09-23 10:14:03.705 [main] PooledByteBufAllocator - -Dio.netty.allocator.chunkSize: 4194304
[DEBUG] 2023-09-23 10:14:03.706 [main] PooledByteBufAllocator - -Dio.netty.allocator.smallCacheSize: 256
[DEBUG] 2023-09-23 10:14:03.706 [main] PooledByteBufAllocator - -Dio.netty.allocator.normalCacheSize: 64
[DEBUG] 2023-09-23 10:14:03.706 [main] PooledByteBufAllocator - -Dio.netty.allocator.maxCachedBufferCapacity: 32768
[DEBUG] 2023-09-23 10:14:03.706 [main] PooledByteBufAllocator - -Dio.netty.allocator.cacheTrimInterval: 8192
[DEBUG] 2023-09-23 10:14:03.706 [main] PooledByteBufAllocator - -Dio.netty.allocator.cacheTrimIntervalMillis: 0
[DEBUG] 2023-09-23 10:14:03.706 [main] PooledByteBufAllocator - -Dio.netty.allocator.useCacheForAllThreads: false
[DEBUG] 2023-09-23 10:14:03.706 [main] PooledByteBufAllocator - -Dio.netty.allocator.maxCachedByteBuffersPerChunk: 1023
[DEBUG] 2023-09-23 10:14:03.718 [main] ByteBufUtil - -Dio.netty.allocator.type: pooled
[DEBUG] 2023-09-23 10:14:03.718 [main] ByteBufUtil - -Dio.netty.threadLocalDirectBufferSize: 0
[DEBUG] 2023-09-23 10:14:03.718 [main] ByteBufUtil - -Dio.netty.maxThreadLocalCharBufferSize: 16384
[DEBUG] 2023-09-23 10:14:04.808 [Forwarding newSession on session null to remote] DefaultChannelId - -Dio.netty.processId: 2908 (auto-detected)
[DEBUG] 2023-09-23 10:14:04.814 [Forwarding newSession on session null to remote] NetUtil - -Djava.net.preferIPv4Stack: false
[DEBUG] 2023-09-23 10:14:04.814 [Forwarding newSession on session null to remote] NetUtil - -Djava.net.preferIPv6Addresses: false
[DEBUG] 2023-09-23 10:14:04.840 [Forwarding newSession on session null to remote] NetUtilInitializations - Loopback interface: lo (Software Loopback Interface 1, 127.0.0.1)
[DEBUG] 2023-09-23 10:14:04.842 [Forwarding newSession on session null to remote] NetUtil - Failed to get SOMAXCONN from sysctl and file \proc\sys\net\core\somaxconn. Default: 200
[DEBUG] 2023-09-23 10:14:04.882 [Forwarding newSession on session null to remote] DefaultChannelId - -Dio.netty.machineId: 00:bb:60:ff:fe:b4:9d:44 (auto-detected)
[DEBUG] 2023-09-23 10:14:04.933 [AsyncHttpClient-1-2] AbstractByteBuf - -Dio.netty.buffer.checkAccessible: true
[DEBUG] 2023-09-23 10:14:04.933 [AsyncHttpClient-1-2] AbstractByteBuf - -Dio.netty.buffer.checkBounds: true
[DEBUG] 2023-09-23 10:14:04.933 [AsyncHttpClient-1-2] ResourceLeakDetectorFactory - Loaded default ResourceLeakDetector: io.netty.util.ResourceLeakDetector@61d37fd2
[DEBUG] 2023-09-23 10:14:04.964 [AsyncHttpClient-1-2] Recycler - -Dio.netty.recycler.maxCapacityPerThread: 4096
[DEBUG] 2023-09-23 10:14:04.964 [AsyncHttpClient-1-2] Recycler - -Dio.netty.recycler.ratio: 8
[DEBUG] 2023-09-23 10:14:04.964 [AsyncHttpClient-1-2] Recycler - -Dio.netty.recycler.chunkSize: 32
[DEBUG] 2023-09-23 10:14:04.964 [AsyncHttpClient-1-2] Recycler - -Dio.netty.recycler.blocking: false
[DEBUG] 2023-09-23 10:14:04.964 [AsyncHttpClient-1-2] Recycler - -Dio.netty.recycler.batchFastThreadLocalOnly: true
[DEBUG] 2023-09-23 10:14:06.554 [AsyncHttpClient-1-2] Brotli - brotli4j not in the classpath; Brotli support will be unavailable.
[DEBUG] 2023-09-23 10:14:06.789 [main] ThreadLocalRandom - -Dio.netty.initialSeedUniquifier: 0xe1028453e873a365
[DEBUG] 2023-09-23 10:18:11.441 [main] InternalLoggerFactory - Using Log4J2 as the default logging framework
[DEBUG] 2023-09-23 10:18:11.449 [main] ResourceLeakDetector - -Dio.netty.leakDetection.level: simple
[DEBUG] 2023-09-23 10:18:11.449 [main] ResourceLeakDetector - -Dio.netty.leakDetection.targetRecords: 4
[DEBUG] 2023-09-23 10:18:11.454 [main] ResourceLeakDetectorFactory - Loaded default ResourceLeakDetector: io.netty.util.ResourceLeakDetector@43d9f1a2
[DEBUG] 2023-09-23 10:18:11.471 [main] PlatformDependent0 - -Dio.netty.noUnsafe: false
[DEBUG] 2023-09-23 10:18:11.472 [main] PlatformDependent0 - Java version: 17
[DEBUG] 2023-09-23 10:18:11.472 [main] PlatformDependent0 - sun.misc.Unsafe.theUnsafe: available
[DEBUG] 2023-09-23 10:18:11.473 [main] PlatformDependent0 - sun.misc.Unsafe.copyMemory: available
[DEBUG] 2023-09-23 10:18:11.473 [main] PlatformDependent0 - sun.misc.Unsafe.storeFence: available
[DEBUG] 2023-09-23 10:18:11.474 [main] PlatformDependent0 - java.nio.Buffer.address: available
[DEBUG] 2023-09-23 10:18:11.474 [main] PlatformDependent0 - direct buffer constructor: unavailable: Reflective setAccessible(true) disabled
[DEBUG] 2023-09-23 10:18:11.475 [main] PlatformDependent0 - java.nio.Bits.unaligned: available, true
[DEBUG] 2023-09-23 10:18:11.476 [main] PlatformDependent0 - jdk.internal.misc.Unsafe.allocateUninitializedArray(int): unavailable: class io.netty.util.internal.PlatformDependent0$7 cannot access class jdk.internal.misc.Unsafe (in module java.base) because module java.base does not export jdk.internal.misc to unnamed module @3c0ecd4b
[DEBUG] 2023-09-23 10:18:11.477 [main] PlatformDependent0 - java.nio.DirectByteBuffer.<init>(long, {int,long}): unavailable
[DEBUG] 2023-09-23 10:18:11.477 [main] PlatformDependent - sun.misc.Unsafe: available
[DEBUG] 2023-09-23 10:18:11.478 [main] PlatformDependent - maxDirectMemory: 2120220672 bytes (maybe)
[DEBUG] 2023-09-23 10:18:11.478 [main] PlatformDependent - -Dio.netty.tmpdir: C:\Users\sjamadar\AppData\Local\Temp (java.io.tmpdir)
[DEBUG] 2023-09-23 10:18:11.478 [main] PlatformDependent - -Dio.netty.bitMode: 64 (sun.arch.data.model)
[DEBUG] 2023-09-23 10:18:11.478 [main] PlatformDependent - Platform: Windows
[DEBUG] 2023-09-23 10:18:11.479 [main] PlatformDependent - -Dio.netty.maxDirectMemory: -1 bytes
[DEBUG] 2023-09-23 10:18:11.479 [main] PlatformDependent - -Dio.netty.uninitializedArrayAllocationThreshold: -1
[DEBUG] 2023-09-23 10:18:11.480 [main] CleanerJava9 - java.nio.ByteBuffer.cleaner(): available
[DEBUG] 2023-09-23 10:18:11.480 [main] PlatformDependent - -Dio.netty.noPreferDirect: false
[DEBUG] 2023-09-23 10:18:11.491 [main] PlatformDependent - org.jctools-core.MpscChunkedArrayQueue: available
[DEBUG] 2023-09-23 10:18:11.509 [main] InternalThreadLocalMap - -Dio.netty.threadLocalMap.stringBuilder.initialSize: 1024
[DEBUG] 2023-09-23 10:18:11.509 [main] InternalThreadLocalMap - -Dio.netty.threadLocalMap.stringBuilder.maxSize: 4096
[DEBUG] 2023-09-23 10:18:11.829 [main] JdkSslContext - Default protocols (JDK): [TLSv1.3, TLSv1.2] 
[DEBUG] 2023-09-23 10:18:11.830 [main] JdkSslContext - Default cipher suites (JDK): [TLS_ECDHE_ECDSA_WITH_AES_256_GCM_SHA384, TLS_ECDHE_ECDSA_WITH_AES_128_GCM_SHA256, TLS_ECDHE_RSA_WITH_AES_128_GCM_SHA256, TLS_ECDHE_RSA_WITH_AES_256_GCM_SHA384, TLS_ECDHE_RSA_WITH_AES_128_CBC_SHA, TLS_ECDHE_RSA_WITH_AES_256_CBC_SHA, TLS_RSA_WITH_AES_128_GCM_SHA256, TLS_RSA_WITH_AES_128_CBC_SHA, TLS_RSA_WITH_AES_256_CBC_SHA, TLS_AES_128_GCM_SHA256, TLS_AES_256_GCM_SHA384]
[DEBUG] 2023-09-23 10:18:11.845 [main] GlobalEventExecutor - -Dio.netty.globalEventExecutor.quietPeriodSeconds: 1
[DEBUG] 2023-09-23 10:18:11.858 [main] MultithreadEventLoopGroup - -Dio.netty.eventLoopThreads: 16
[DEBUG] 2023-09-23 10:18:11.868 [main] NioEventLoop - -Dio.netty.noKeySetOptimization: false
[DEBUG] 2023-09-23 10:18:11.868 [main] NioEventLoop - -Dio.netty.selectorAutoRebuildThreshold: 512
[DEBUG] 2023-09-23 10:18:11.933 [main] PooledByteBufAllocator - -Dio.netty.allocator.numHeapArenas: 16
[DEBUG] 2023-09-23 10:18:11.933 [main] PooledByteBufAllocator - -Dio.netty.allocator.numDirectArenas: 16
[DEBUG] 2023-09-23 10:18:11.933 [main] PooledByteBufAllocator - -Dio.netty.allocator.pageSize: 8192
[DEBUG] 2023-09-23 10:18:11.933 [main] PooledByteBufAllocator - -Dio.netty.allocator.maxOrder: 9
[DEBUG] 2023-09-23 10:18:11.933 [main] PooledByteBufAllocator - -Dio.netty.allocator.chunkSize: 4194304
[DEBUG] 2023-09-23 10:18:11.933 [main] PooledByteBufAllocator - -Dio.netty.allocator.smallCacheSize: 256
[DEBUG] 2023-09-23 10:18:11.933 [main] PooledByteBufAllocator - -Dio.netty.allocator.normalCacheSize: 64
[DEBUG] 2023-09-23 10:18:11.933 [main] PooledByteBufAllocator - -Dio.netty.allocator.maxCachedBufferCapacity: 32768
[DEBUG] 2023-09-23 10:18:11.933 [main] PooledByteBufAllocator - -Dio.netty.allocator.cacheTrimInterval: 8192
[DEBUG] 2023-09-23 10:18:11.933 [main] PooledByteBufAllocator - -Dio.netty.allocator.cacheTrimIntervalMillis: 0
[DEBUG] 2023-09-23 10:18:11.933 [main] PooledByteBufAllocator - -Dio.netty.allocator.useCacheForAllThreads: false
[DEBUG] 2023-09-23 10:18:11.933 [main] PooledByteBufAllocator - -Dio.netty.allocator.maxCachedByteBuffersPerChunk: 1023
[DEBUG] 2023-09-23 10:18:11.947 [main] ByteBufUtil - -Dio.netty.allocator.type: pooled
[DEBUG] 2023-09-23 10:18:11.947 [main] ByteBufUtil - -Dio.netty.threadLocalDirectBufferSize: 0
[DEBUG] 2023-09-23 10:18:11.947 [main] ByteBufUtil - -Dio.netty.maxThreadLocalCharBufferSize: 16384
[DEBUG] 2023-09-23 10:18:12.995 [Forwarding newSession on session null to remote] DefaultChannelId - -Dio.netty.processId: 7468 (auto-detected)
[DEBUG] 2023-09-23 10:18:12.997 [Forwarding newSession on session null to remote] NetUtil - -Djava.net.preferIPv4Stack: false
[DEBUG] 2023-09-23 10:18:12.997 [Forwarding newSession on session null to remote] NetUtil - -Djava.net.preferIPv6Addresses: false
[DEBUG] 2023-09-23 10:18:13.010 [Forwarding newSession on session null to remote] NetUtilInitializations - Loopback interface: lo (Software Loopback Interface 1, 127.0.0.1)
[DEBUG] 2023-09-23 10:18:13.011 [Forwarding newSession on session null to remote] NetUtil - Failed to get SOMAXCONN from sysctl and file \proc\sys\net\core\somaxconn. Default: 200
[DEBUG] 2023-09-23 10:18:13.036 [Forwarding newSession on session null to remote] DefaultChannelId - -Dio.netty.machineId: 00:bb:60:ff:fe:b4:9d:44 (auto-detected)
[DEBUG] 2023-09-23 10:18:13.085 [AsyncHttpClient-1-2] AbstractByteBuf - -Dio.netty.buffer.checkAccessible: true
[DEBUG] 2023-09-23 10:18:13.085 [AsyncHttpClient-1-2] AbstractByteBuf - -Dio.netty.buffer.checkBounds: true
[DEBUG] 2023-09-23 10:18:13.085 [AsyncHttpClient-1-2] ResourceLeakDetectorFactory - Loaded default ResourceLeakDetector: io.netty.util.ResourceLeakDetector@30e7dfb5
[DEBUG] 2023-09-23 10:18:13.114 [AsyncHttpClient-1-2] Recycler - -Dio.netty.recycler.maxCapacityPerThread: 4096
[DEBUG] 2023-09-23 10:18:13.114 [AsyncHttpClient-1-2] Recycler - -Dio.netty.recycler.ratio: 8
[DEBUG] 2023-09-23 10:18:13.114 [AsyncHttpClient-1-2] Recycler - -Dio.netty.recycler.chunkSize: 32
[DEBUG] 2023-09-23 10:18:13.114 [AsyncHttpClient-1-2] Recycler - -Dio.netty.recycler.blocking: false
[DEBUG] 2023-09-23 10:18:13.114 [AsyncHttpClient-1-2] Recycler - -Dio.netty.recycler.batchFastThreadLocalOnly: true
[DEBUG] 2023-09-23 10:18:14.532 [AsyncHttpClient-1-2] Brotli - brotli4j not in the classpath; Brotli support will be unavailable.
[DEBUG] 2023-09-23 10:18:14.698 [main] ThreadLocalRandom - -Dio.netty.initialSeedUniquifier: 0x720a416a25562a69
